

***********************************************************************
Fatal NI connect error 12203, connecting to:
 (DESCRIPTION=(ADDRESS_LIST=(ADDRESS=(PROTOCOL=BEQ)(PROGRAM=oracle80)(ARGV0=oracle80ORCL)(ARGS='(DESCRIPTION=(LOCAL=YES)(ADDRESS=(PROTOCOL=beq)))')))(CONNECT_DATA=(SID=ORCL)(CID=(PROGRAM=D:\orcdev\bin\ifbld60.exe)(HOST=DESKTOP-U29EGO4)(USER=Hp))))

  VERSION INFORMATION:
	TNS for 32-bit Windows: Version 8.0.6.0.0 - Production
	Oracle Bequeath NT Protocol Adapter for 32-bit Windows: Version 8.0.6.0.0 - Production
  Time: 28-JAN-19 15:38:29
  Tracing not turned on.
  Tns error struct:
    nr err code: 12203
    TNS-12203: TNS:unable to connect to destination
    ns main err code: 12560
    TNS-12560: TNS:protocol adapter error
    ns secondary err code: 0
    nt main err code: 530
    TNS-00530: Protocol adapter error
    nt secondary err code: 0
    nt OS err code: 0


***********************************************************************
Fatal NI connect error 12203, connecting to:
 (DESCRIPTION=(ADDRESS_LIST=(ADDRESS=(PROTOCOL=BEQ)(PROGRAM=oracle80)(ARGV0=oracle80ORCL)(ARGS='(DESCRIPTION=(LOCAL=YES)(ADDRESS=(PROTOCOL=beq)))')))(CONNECT_DATA=(SID=ORCL)(CID=(PROGRAM=D:\orcdev\bin\ifbld60.exe)(HOST=DESKTOP-U29EGO4)(USER=Hp))))

  VERSION INFORMATION:
	TNS for 32-bit Windows: Version 8.0.6.0.0 - Production
	Oracle Bequeath NT Protocol Adapter for 32-bit Windows: Version 8.0.6.0.0 - Production
  Time: 28-JAN-19 15:38:39
  Tracing not turned on.
  Tns error struct:
    nr err code: 12203
    TNS-12203: TNS:unable to connect to destination
    ns main err code: 12560
    TNS-12560: TNS:protocol adapter error
    ns secondary err code: 0
    nt main err code: 530
    TNS-00530: Protocol adapter error
    nt secondary err code: 0
    nt OS err code: 0


***********************************************************************
Fatal NI connect error 12203, connecting to:
 (DESCRIPTION=(ADDRESS_LIST=(ADDRESS=(PROTOCOL=BEQ)(PROGRAM=oracle80)(ARGV0=oracle80ORCL)(ARGS='(DESCRIPTION=(LOCAL=YES)(ADDRESS=(PROTOCOL=beq)))')))(CONNECT_DATA=(SID=ORCL)(CID=(PROGRAM=D:\orcdev\bin\ifbld60.exe)(HOST=DESKTOP-U29EGO4)(USER=Hp))))

  VERSION INFORMATION:
	TNS for 32-bit Windows: Version 8.0.6.0.0 - Production
	Oracle Bequeath NT Protocol Adapter for 32-bit Windows: Version 8.0.6.0.0 - Production
  Time: 28-JAN-19 15:58:55
  Tracing not turned on.
  Tns error struct:
    nr err code: 12203
    TNS-12203: TNS:unable to connect to destination
    ns main err code: 12560
    TNS-12560: TNS:protocol adapter error
    ns secondary err code: 0
    nt main err code: 530
    TNS-00530: Protocol adapter error
    nt secondary err code: 0
    nt OS err code: 0


***********************************************************************
Fatal NI connect error 12203, connecting to:
 (DESCRIPTION=(ADDRESS_LIST=(ADDRESS=(PROTOCOL=BEQ)(PROGRAM=oracle80)(ARGV0=oracle80ORCL)(ARGS='(DESCRIPTION=(LOCAL=YES)(ADDRESS=(PROTOCOL=beq)))')))(CONNECT_DATA=(SID=ORCL)(CID=(PROGRAM=D:\orcdev\bin\ifbld60.exe)(HOST=DESKTOP-U29EGO4)(USER=Hp))))

  VERSION INFORMATION:
	TNS for 32-bit Windows: Version 8.0.6.0.0 - Production
	Oracle Bequeath NT Protocol Adapter for 32-bit Windows: Version 8.0.6.0.0 - Production
  Time: 30-JAN-19 18:53:16
  Tracing not turned on.
  Tns error struct:
    nr err code: 12203
    TNS-12203: TNS:unable to connect to destination
    ns main err code: 12560
    TNS-12560: TNS:protocol adapter error
    ns secondary err code: 0
    nt main err code: 530
    TNS-00530: Protocol adapter error
    nt secondary err code: 0
    nt OS err code: 0


***********************************************************************
Fatal NI connect error 12203, connecting to:
 (DESCRIPTION=(ADDRESS_LIST=(ADDRESS=(PROTOCOL=BEQ)(PROGRAM=oracle80)(ARGV0=oracle80ORCL)(ARGS='(DESCRIPTION=(LOCAL=YES)(ADDRESS=(PROTOCOL=beq)))')))(CONNECT_DATA=(SID=ORCL)(CID=(PROGRAM=D:\orcdev\bin\ifbld60.exe)(HOST=DESKTOP-U29EGO4)(USER=Hp))))

  VERSION INFORMATION:
	TNS for 32-bit Windows: Version 8.0.6.0.0 - Production
	Oracle Bequeath NT Protocol Adapter for 32-bit Windows: Version 8.0.6.0.0 - Production
  Time: 30-JAN-19 19:17:54
  Tracing not turned on.
  Tns error struct:
    nr err code: 12203
    TNS-12203: TNS:unable to connect to destination
    ns main err code: 12560
    TNS-12560: TNS:protocol adapter error
    ns secondary err code: 0
    nt main err code: 530
    TNS-00530: Protocol adapter error
    nt secondary err code: 0
    nt OS err code: 0


***********************************************************************
Fatal NI connect error 12203, connecting to:
 (DESCRIPTION=(ADDRESS_LIST=(ADDRESS=(PROTOCOL=BEQ)(PROGRAM=oracle80)(ARGV0=oracle80ORCL)(ARGS='(DESCRIPTION=(LOCAL=YES)(ADDRESS=(PROTOCOL=beq)))')))(CONNECT_DATA=(SID=ORCL)(CID=(PROGRAM=D:\orcdev\bin\ifbld60.exe)(HOST=DESKTOP-U29EGO4)(USER=Hp))))

  VERSION INFORMATION:
	TNS for 32-bit Windows: Version 8.0.6.0.0 - Production
	Oracle Bequeath NT Protocol Adapter for 32-bit Windows: Version 8.0.6.0.0 - Production
  Time: 30-JAN-19 19:21:11
  Tracing not turned on.
  Tns error struct:
    nr err code: 12203
    TNS-12203: TNS:unable to connect to destination
    ns main err code: 12560
    TNS-12560: TNS:protocol adapter error
    ns secondary err code: 0
    nt main err code: 530
    TNS-00530: Protocol adapter error
    nt secondary err code: 0
    nt OS err code: 0


***********************************************************************
Fatal NI connect error 12203, connecting to:
 (DESCRIPTION=(ADDRESS_LIST=(ADDRESS=(PROTOCOL=BEQ)(PROGRAM=oracle80)(ARGV0=oracle80ORCL)(ARGS='(DESCRIPTION=(LOCAL=YES)(ADDRESS=(PROTOCOL=beq)))')))(CONNECT_DATA=(SID=ORCL)(CID=(PROGRAM=D:\orcdev\bin\ifbld60.exe)(HOST=DESKTOP-U29EGO4)(USER=Hp))))

  VERSION INFORMATION:
	TNS for 32-bit Windows: Version 8.0.6.0.0 - Production
	Oracle Bequeath NT Protocol Adapter for 32-bit Windows: Version 8.0.6.0.0 - Production
  Time: 30-JAN-19 19:39:37
  Tracing not turned on.
  Tns error struct:
    nr err code: 12203
    TNS-12203: TNS:unable to connect to destination
    ns main err code: 12560
    TNS-12560: TNS:protocol adapter error
    ns secondary err code: 0
    nt main err code: 530
    TNS-00530: Protocol adapter error
    nt secondary err code: 0
    nt OS err code: 0


***********************************************************************
Fatal NI connect error 12203, connecting to:
 (DESCRIPTION=(ADDRESS_LIST=(ADDRESS=(PROTOCOL=BEQ)(PROGRAM=oracle80)(ARGV0=oracle80ORCL)(ARGS='(DESCRIPTION=(LOCAL=YES)(ADDRESS=(PROTOCOL=beq)))')))(CONNECT_DATA=(SID=ORCL)(CID=(PROGRAM=D:\orcdev\bin\ifbld60.exe)(HOST=DESKTOP-U29EGO4)(USER=Hp))))

  VERSION INFORMATION:
	TNS for 32-bit Windows: Version 8.0.6.0.0 - Production
	Oracle Bequeath NT Protocol Adapter for 32-bit Windows: Version 8.0.6.0.0 - Production
  Time: 30-JAN-19 19:40:31
  Tracing not turned on.
  Tns error struct:
    nr err code: 12203
    TNS-12203: TNS:unable to connect to destination
    ns main err code: 12560
    TNS-12560: TNS:protocol adapter error
    ns secondary err code: 0
    nt main err code: 530
    TNS-00530: Protocol adapter error
    nt secondary err code: 0
    nt OS err code: 0


***********************************************************************
Fatal NI connect error 12203, connecting to:
 (DESCRIPTION=(ADDRESS_LIST=(ADDRESS=(PROTOCOL=BEQ)(PROGRAM=oracle80)(ARGV0=oracle80ORCL)(ARGS='(DESCRIPTION=(LOCAL=YES)(ADDRESS=(PROTOCOL=beq)))')))(CONNECT_DATA=(SID=ORCL)(CID=(PROGRAM=D:\orcdev\bin\ifbld60.exe)(HOST=DESKTOP-U29EGO4)(USER=Hp))))

  VERSION INFORMATION:
	TNS for 32-bit Windows: Version 8.0.6.0.0 - Production
	Oracle Bequeath NT Protocol Adapter for 32-bit Windows: Version 8.0.6.0.0 - Production
  Time: 30-JAN-19 19:41:22
  Tracing not turned on.
  Tns error struct:
    nr err code: 12203
    TNS-12203: TNS:unable to connect to destination
    ns main err code: 12560
    TNS-12560: TNS:protocol adapter error
    ns secondary err code: 0
    nt main err code: 530
    TNS-00530: Protocol adapter error
    nt secondary err code: 0
    nt OS err code: 0
